<?xml version="1.0" encoding="UTF-8"?>
<testng-results ignored="0" total="6" passed="6" failed="0" skipped="0">
  <reporter-output>
  </reporter-output>
  <suite started-at="2025-07-11T11:06:10 IST" name="Default suite" finished-at="2025-07-11T11:08:32 IST" duration-ms="141180">
    <groups>
      <group name="cucumber">
        <method signature="AbstractTestNGCucumberTests.runScenario(io.cucumber.testng.PickleWrapper,io.cucumber.testng.FeatureWrapper)[pri:0, instance:com.runner.TestRunnerNG@6a2f6f80]" name="runScenario" class="io.cucumber.testng.AbstractTestNGCucumberTests"/>
      </group> <!-- cucumber -->
    </groups>
    <test started-at="2025-07-11T11:06:10 IST" name="Default test" finished-at="2025-07-11T11:08:32 IST" duration-ms="141180">
      <class name="com.runner.TestRunnerNG">
        <test-method is-config="true" signature="setUpClass(org.testng.ITestContext)[pri:0, instance:com.runner.TestRunnerNG@6a2f6f80]" started-at="2025-07-11T11:06:10 IST" name="setUpClass" finished-at="2025-07-11T11:06:12 IST" duration-ms="1422" status="PASS">
          <params>
            <param index="0">
              <value>
                <![CDATA[org.testng.TestRunner@2f9236d8]]>
              </value>
            </param>
          </params>
          <reporter-output>
          </reporter-output>
        </test-method> <!-- setUpClass -->
        <test-method signature="runScenario(io.cucumber.testng.PickleWrapper,io.cucumber.testng.FeatureWrapper)[pri:0, instance:com.runner.TestRunnerNG@6a2f6f80]" started-at="2025-07-11T11:06:12 IST" name="runScenario" description="Runs Cucumber Scenarios" data-provider="scenarios" finished-at="2025-07-11T11:06:30 IST" duration-ms="18512" status="PASS">
          <params>
            <param index="0">
              <value>
                <![CDATA["Search rental properties with location and availability filters"]]>
              </value>
            </param>
            <param index="1">
              <value>
                <![CDATA["Testing RENT functionality on NoBroker"]]>
              </value>
            </param>
          </params>
          <reporter-output>
          </reporter-output>
        </test-method> <!-- runScenario -->
        <test-method signature="runScenario(io.cucumber.testng.PickleWrapper,io.cucumber.testng.FeatureWrapper)[pri:0, instance:com.runner.TestRunnerNG@6a2f6f80]" started-at="2025-07-11T11:06:30 IST" name="runScenario" description="Runs Cucumber Scenarios" data-provider="scenarios" finished-at="2025-07-11T11:06:42 IST" duration-ms="11176" status="PASS">
          <params>
            <param index="0">
              <value>
                <![CDATA["Show warning when no locality is entered"]]>
              </value>
            </param>
            <param index="1">
              <value>
                <![CDATA["Testing RENT functionality on NoBroker"]]>
              </value>
            </param>
          </params>
          <reporter-output>
          </reporter-output>
        </test-method> <!-- runScenario -->
        <test-method signature="runScenario(io.cucumber.testng.PickleWrapper,io.cucumber.testng.FeatureWrapper)[pri:0, instance:com.runner.TestRunnerNG@6a2f6f80]" started-at="2025-07-11T11:06:42 IST" name="runScenario" description="Runs Cucumber Scenarios" data-provider="scenarios" finished-at="2025-07-11T11:06:58 IST" duration-ms="16803" status="PASS">
          <params>
            <param index="0">
              <value>
                <![CDATA["Show message when filters yield no property results"]]>
              </value>
            </param>
            <param index="1">
              <value>
                <![CDATA["Testing RENT functionality on NoBroker"]]>
              </value>
            </param>
          </params>
          <reporter-output>
          </reporter-output>
        </test-method> <!-- runScenario -->
        <test-method signature="runScenario(io.cucumber.testng.PickleWrapper,io.cucumber.testng.FeatureWrapper)[pri:0, instance:com.runner.TestRunnerNG@6a2f6f80]" started-at="2025-07-11T11:06:58 IST" name="runScenario" description="Runs Cucumber Scenarios" data-provider="scenarios" finished-at="2025-07-11T11:07:38 IST" duration-ms="40171" status="PASS">
          <params>
            <param index="0">
              <value>
                <![CDATA["Apply loan with valid fields on property listing page"]]>
              </value>
            </param>
            <param index="1">
              <value>
                <![CDATA["Testing RENT functionality on NoBroker"]]>
              </value>
            </param>
          </params>
          <reporter-output>
          </reporter-output>
        </test-method> <!-- runScenario -->
        <test-method signature="runScenario(io.cucumber.testng.PickleWrapper,io.cucumber.testng.FeatureWrapper)[pri:0, instance:com.runner.TestRunnerNG@6a2f6f80]" started-at="2025-07-11T11:07:38 IST" name="runScenario" description="Runs Cucumber Scenarios" data-provider="scenarios" finished-at="2025-07-11T11:07:55 IST" duration-ms="16037" status="PASS">
          <params>
            <param index="0">
              <value>
                <![CDATA["View property description in listing details"]]>
              </value>
            </param>
            <param index="1">
              <value>
                <![CDATA["Testing RENT functionality on NoBroker"]]>
              </value>
            </param>
          </params>
          <reporter-output>
          </reporter-output>
        </test-method> <!-- runScenario -->
        <test-method signature="runScenario(io.cucumber.testng.PickleWrapper,io.cucumber.testng.FeatureWrapper)[pri:0, instance:com.runner.TestRunnerNG@6a2f6f80]" started-at="2025-07-11T11:07:55 IST" name="runScenario" description="Runs Cucumber Scenarios" data-provider="scenarios" finished-at="2025-07-11T11:08:31 IST" duration-ms="36433" status="PASS">
          <params>
            <param index="0">
              <value>
                <![CDATA["Show error for incomplete Loan Form submission"]]>
              </value>
            </param>
            <param index="1">
              <value>
                <![CDATA["Testing RENT functionality on NoBroker"]]>
              </value>
            </param>
          </params>
          <reporter-output>
          </reporter-output>
        </test-method> <!-- runScenario -->
        <test-method is-config="true" signature="tearDownClass()[pri:0, instance:com.runner.TestRunnerNG@6a2f6f80]" started-at="2025-07-11T11:08:31 IST" name="tearDownClass" finished-at="2025-07-11T11:08:32 IST" duration-ms="544" status="PASS">
          <reporter-output>
          </reporter-output>
        </test-method> <!-- tearDownClass -->
      </class> <!-- com.runner.TestRunnerNG -->
    </test> <!-- Default test -->
  </suite> <!-- Default suite -->
</testng-results>
