<?xml version="1.0" encoding="UTF-8"?>
<!-- Generated by org.testng.reporters.JUnitReportReporter -->
<testsuite hostname="LIN-PF1TMAG7" failures="0" tests="6" name="com.runner.TestRunnerNG" time="139.132" errors="0" timestamp="2025-07-11T11:08:32 IST" skipped="0">
  <testcase classname="com.runner.TestRunnerNG" name="runScenario" time="16.037"/>
  <testcase classname="com.runner.TestRunnerNG" name="runScenario" time="18.512"/>
  <testcase classname="com.runner.TestRunnerNG" name="runScenario" time="40.171"/>
  <testcase classname="com.runner.TestRunnerNG" name="runScenario" time="11.176"/>
  <testcase classname="com.runner.TestRunnerNG" name="runScenario" time="16.803"/>
  <testcase classname="com.runner.TestRunnerNG" name="runScenario" time="36.433"/>
</testsuite> <!-- com.runner.TestRunnerNG -->
